[    0.000000] Initializing cgroup subsys cpuset
[    0.000000] Initializing cgroup subsys cpu
[    0.000000] Initializing cgroup subsys cpuacct
[    0.000000] Linux version 4.4.0-64-generic (buildd@lgw01-56) (gcc version 5.4.0 20160609 (Ubuntu 5.4.0-6ubuntu1~16.04.4) ) #85-Ubuntu SMP Mon Feb 20 11:50:30 UTC 2017 (Ubuntu 4.4.0-64.85-generic 4.4.44)
[    0.000000] Command line: BOOT_IMAGE=/boot/vmlinuz-4.4.0-64-generic root=UUID=7ed30d1a-9225-48c6-b835-31d7fb6d36c0 ro console=tty1 console=ttyS0
[    0.000000] KERNEL supported cpus:
[    0.000000]   Intel GenuineIntel
[    0.000000]   AMD AuthenticAMD
[    0.000000]   Centaur CentaurHauls
[    0.000000] x86/fpu: xstate_offset[2]:  576, xstate_sizes[2]:  256
[    0.000000] x86/fpu: Supporting XSAVE feature 0x01: 'x87 floating point registers'
[    0.000000] x86/fpu: Supporting XSAVE feature 0x02: 'SSE registers'
[    0.000000] x86/fpu: Supporting XSAVE feature 0x04: 'AVX registers'
[    0.000000] x86/fpu: Enabled xstate features 0x7, context size is 832 bytes, using 'standard' format.
[    0.000000] x86/fpu: Using 'lazy' FPU context switches.
[    0.000000] e820: BIOS-provided physical RAM map:
[    0.000000] BIOS-e820: [mem 0x0000000000000000-0x000000000009fbff] usable
[    0.000000] BIOS-e820: [mem 0x000000000009fc00-0x000000000009ffff] reserved
[    0.000000] BIOS-e820: [mem 0x00000000000f0000-0x00000000000fffff] reserved
[    0.000000] BIOS-e820: [mem 0x0000000000100000-0x000000007ffeffff] usable
[    0.000000] BIOS-e820: [mem 0x000000007fff0000-0x000000007fffffff] ACPI data
[    0.000000] BIOS-e820: [mem 0x00000000fec00000-0x00000000fec00fff] reserved
[    0.000000] BIOS-e820: [mem 0x00000000fee00000-0x00000000fee00fff] reserved
[    0.000000] BIOS-e820: [mem 0x00000000fffc0000-0x00000000ffffffff] reserved
[    0.000000] NX (Execute Disable) protection: active
[    0.000000] SMBIOS 2.5 present.
[    0.000000] Hypervisor detected: KVM
[    0.000000] e820: last_pfn = 0x7fff0 max_arch_pfn = 0x400000000
[    0.000000] MTRR: Disabled
[    0.000000] x86/PAT: MTRRs disabled, skipping PAT initialization too.
[    0.000000] x86/PAT: Configuration [0-7]: WB  WT  UC- UC  WB  WT  UC- UC  
[    0.000000] CPU MTRRs all blank - virtualized system.
[    0.000000] found SMP MP-table at [mem 0x0009fff0-0x0009ffff] mapped at [ffff88000009fff0]
[    0.000000] Scanning 1 areas for low memory corruption
[    0.000000] RAMDISK: [mem 0x35a8a000-0x36d3cfff]
[    0.000000] ACPI: Early table checksum verification disabled
[    0.000000] ACPI: RSDP 0x00000000000E0000 000024 (v02 VBOX  )
[    0.000000] ACPI: XSDT 0x000000007FFF0030 00003C (v01 VBOX   VBOXXSDT 00000001 ASL  00000061)
[    0.000000] ACPI: FACP 0x000000007FFF00F0 0000F4 (v04 VBOX   VBOXFACP 00000001 ASL  00000061)
[    0.000000] ACPI: DSDT 0x000000007FFF0470 00210F (v01 VBOX   VBOXBIOS 00000002 INTL 20100528)
[    0.000000] ACPI: FACS 0x000000007FFF0200 000040
[    0.000000] ACPI: FACS 0x000000007FFF0200 000040
[    0.000000] ACPI: APIC 0x000000007FFF0240 00005C (v02 VBOX   VBOXAPIC 00000001 ASL  00000061)
[    0.000000] ACPI: SSDT 0x000000007FFF02A0 0001CC (v01 VBOX   VBOXCPUT 00000002 INTL 20100528)
[    0.000000] No NUMA configuration found
[    0.000000] Faking a node at [mem 0x0000000000000000-0x000000007ffeffff]
[    0.000000] NODE_DATA(0) allocated [mem 0x7ffeb000-0x7ffeffff]
[    0.000000] kvm-clock: Using msrs 4b564d01 and 4b564d00
[    0.000000] kvm-clock: cpu 0, msr 0:7ffe3001, primary cpu clock
[    0.000000] kvm-clock: using sched offset of 3569522215 cycles
[    0.000000] clocksource: kvm-clock: mask: 0xffffffffffffffff max_cycles: 0x1cd42e4dffb, max_idle_ns: 881590591483 ns
[    0.000000] Zone ranges:
[    0.000000]   DMA      [mem 0x0000000000001000-0x0000000000ffffff]
[    0.000000]   DMA32    [mem 0x0000000001000000-0x000000007ffeffff]
[    0.000000]   Normal   empty
[    0.000000]   Device   empty
[    0.000000] Movable zone start for each node
[    0.000000] Early memory node ranges
[    0.000000]   node   0: [mem 0x0000000000001000-0x000000000009efff]
[    0.000000]   node   0: [mem 0x0000000000100000-0x000000007ffeffff]
[    0.000000] Initmem setup node 0 [mem 0x0000000000001000-0x000000007ffeffff]
[    0.000000] ACPI: PM-Timer IO Port: 0x4008
[    0.000000] IOAPIC[0]: apic_id 2, version 32, address 0xfec00000, GSI 0-23
[    0.000000] ACPI: INT_SRC_OVR (bus 0 bus_irq 0 global_irq 2 dfl dfl)
[    0.000000] ACPI: INT_SRC_OVR (bus 0 bus_irq 9 global_irq 9 high level)
[    0.000000] Using ACPI (MADT) for SMP configuration information
[    0.000000] smpboot: Allowing 2 CPUs, 0 hotplug CPUs
[    0.000000] PM: Registered nosave memory: [mem 0x00000000-0x00000fff]
[    0.000000] PM: Registered nosave memory: [mem 0x0009f000-0x0009ffff]
[    0.000000] PM: Registered nosave memory: [mem 0x000a0000-0x000effff]
[    0.000000] PM: Registered nosave memory: [mem 0x000f0000-0x000fffff]
[    0.000000] e820: [mem 0x80000000-0xfebfffff] available for PCI devices
[    0.000000] Booting paravirtualized kernel on KVM
[    0.000000] clocksource: refined-jiffies: mask: 0xffffffff max_cycles: 0xffffffff, max_idle_ns: 7645519600211568 ns
[    0.000000] setup_percpu: NR_CPUS:512 nr_cpumask_bits:512 nr_cpu_ids:2 nr_node_ids:1
[    0.000000] PERCPU: Embedded 33 pages/cpu @ffff88007fc00000 s98264 r8192 d28712 u1048576
[    0.000000] PV qspinlock hash table entries: 256 (order: 0, 4096 bytes)
[    0.000000] Built 1 zonelists in Node order, mobility grouping on.  Total pages: 515961
[    0.000000] Policy zone: DMA32
[    0.000000] Kernel command line: BOOT_IMAGE=/boot/vmlinuz-4.4.0-64-generic root=UUID=7ed30d1a-9225-48c6-b835-31d7fb6d36c0 ro console=tty1 console=ttyS0
[    0.000000] PID hash table entries: 4096 (order: 3, 32768 bytes)
[    0.000000] Memory: 2025620K/2096696K available (8452K kernel code, 1293K rwdata, 3980K rodata, 1488K init, 1316K bss, 71076K reserved, 0K cma-reserved)
[    0.000000] SLUB: HWalign=64, Order=0-3, MinObjects=0, CPUs=2, Nodes=1
[    0.000000] Hierarchical RCU implementation.
[    0.000000] 	Build-time adjustment of leaf fanout to 64.
[    0.000000] 	RCU restricting CPUs from NR_CPUS=512 to nr_cpu_ids=2.
[    0.000000] RCU: Adjusting geometry for rcu_fanout_leaf=64, nr_cpu_ids=2
[    0.000000] NR_IRQS:33024 nr_irqs:440 16
[    0.000000] Console: colour VGA+ 80x25
[    0.000000] console [tty1] enabled
[    0.000000] console [ttyS0] enabled
[    0.000000] tsc: Detected 1992.000 MHz processor
[    1.178980] Calibrating delay loop (skipped) preset value.. 3984.00 BogoMIPS (lpj=7968000)
[    1.183479] pid_max: default: 32768 minimum: 301
[    1.189769] ACPI: Core revision 20150930
[    1.192360] ACPI: 2 ACPI AML tables successfully acquired and loaded
[    1.207527] Security Framework initialized
[    1.208767] Yama: becoming mindful.
[    1.209641] AppArmor: AppArmor initialized
[    1.212308] Dentry cache hash table entries: 262144 (order: 9, 2097152 bytes)
[    1.217745] Inode-cache hash table entries: 131072 (order: 8, 1048576 bytes)
[    1.226126] Mount-cache hash table entries: 4096 (order: 3, 32768 bytes)
[    1.227509] Mountpoint-cache hash table entries: 4096 (order: 3, 32768 bytes)
[    1.230710] Initializing cgroup subsys io
[    1.232789] Initializing cgroup subsys memory
[    1.233783] Initializing cgroup subsys devices
[    1.234778] Initializing cgroup subsys freezer
[    1.235770] Initializing cgroup subsys net_cls
[    1.236922] Initializing cgroup subsys perf_event
[    1.237969] Initializing cgroup subsys net_prio
[    1.238985] Initializing cgroup subsys hugetlb
[    1.239983] Initializing cgroup subsys pids
[    1.241208] CPU: Physical Processor ID: 0
[    1.243333] CPU: Processor Core ID: 0
[    1.245693] mce: CPU supports 0 MCE banks
[    1.246676] Last level iTLB entries: 4KB 64, 2MB 8, 4MB 8
[    1.247884] Last level dTLB entries: 4KB 64, 2MB 0, 4MB 0, 1GB 4
[    1.251378] Freeing SMP alternatives memory: 32K (ffffffff820b9000 - ffffffff820c1000)
[    1.261637] ftrace: allocating 32123 entries in 126 pages
[    1.306481] smpboot: APIC(0) Converting physical 0 to logical package 0
[    1.318704] smpboot: Max logical packages: 1
[    1.327330] x2apic enabled
[    1.339341] Switched APIC routing to physical x2apic.
[    1.348539] ..TIMER: vector=0x30 apic1=0 pin1=2 apic2=-1 pin2=-1
[    1.460456] smpboot: CPU0: Intel(R) Core(TM) i5-6360U CPU @ 2.00GHz (family: 0x6, model: 0x4e, stepping: 0x3)
[    1.585338] Performance Events: unsupported p6 CPU model 78 no PMU driver, software events only.
[    1.709009] KVM setup paravirtual spinlock
[    1.758135] x86: Booting SMP configuration:
[    1.822972] .... node  #0, CPUs:      #1
[    1.854042] kvm-clock: cpu 1, msr 0:7ffe3041, secondary cpu clock
[    1.866221] mce: CPU supports 0 MCE banks
[    1.875963] x86: Booted up 1 node, 2 CPUs
[    1.922325] smpboot: Total of 2 processors activated (7968.00 BogoMIPS)
[    2.009412] devtmpfs: initialized
[    2.046121] evm: security.selinux
[    2.090432] evm: security.SMACK64
[    2.114458] evm: security.SMACK64EXEC
[    2.115331] evm: security.SMACK64TRANSMUTE
[    2.117462] evm: security.SMACK64MMAP
[    2.118329] evm: security.ima
[    2.119077] evm: security.capability
[    2.120164] clocksource: jiffies: mask: 0xffffffff max_cycles: 0xffffffff, max_idle_ns: 7645041785100000 ns
[    2.153773] pinctrl core: initialized pinctrl subsystem
[    2.222894] RTC time:  5:33:31, date: 03/11/17
[    2.278126] NET: Registered protocol family 16
[    2.352856] cpuidle: using governor ladder
[    2.420920] cpuidle: using governor menu
[    2.465188] PCCT header not found.
[    2.503888] ACPI: bus type PCI registered
[    2.560007] acpiphp: ACPI Hot Plug PCI Controller Driver version: 0.5
[    2.642640] PCI: Using configuration type 1 for base access
[    2.722564] ACPI: Added _OSI(Module Device)
[    2.767614] ACPI: Added _OSI(Processor Device)
[    2.822699] ACPI: Added _OSI(3.0 _SCP Extensions)
[    2.844521] ACPI: Added _OSI(Processor Aggregator Device)
[    2.910987] ACPI: Executed 1 blocks of module-level executable AML code
[    2.988889] ACPI: Interpreter enabled
[    3.037101] ACPI: (supports S0 S5)
[    3.082685] ACPI: Using IOAPIC for interrupt routing
[    3.142560] PCI: Using host bridge windows from ACPI; if necessary, use "pci=nocrs" and report a bug
[    3.250228] ACPI: PCI Root Bridge [PCI0] (domain 0000 [bus 00-ff])
[    3.350567] acpi PNP0A03:00: _OSC: OS supports [ASPM ClockPM Segments MSI]
[    3.427928] acpi PNP0A03:00: _OSC failed (AE_NOT_FOUND); disabling ASPM
[    3.525161] acpi PNP0A03:00: fail to add MMCONFIG information, can't access extended PCI configuration space under this bridge.
[    3.645719] PCI host bridge to bus 0000:00
[    3.696161] pci_bus 0000:00: root bus resource [io  0x0000-0x0cf7 window]
[    3.788322] pci_bus 0000:00: root bus resource [io  0x0d00-0xffff window]
[    3.852605] pci_bus 0000:00: root bus resource [mem 0x000a0000-0x000bffff window]
[    3.924642] pci_bus 0000:00: root bus resource [mem 0x80000000-0xffdfffff window]
[    3.971350] pci_bus 0000:00: root bus resource [bus 00-ff]
[    3.974232] pci 0000:00:01.1: legacy IDE quirk: reg 0x10: [io  0x01f0-0x01f7]
[    4.062653] pci 0000:00:01.1: legacy IDE quirk: reg 0x14: [io  0x03f6]
[    4.151095] pci 0000:00:01.1: legacy IDE quirk: reg 0x18: [io  0x0170-0x0177]
[    4.245439] pci 0000:00:01.1: legacy IDE quirk: reg 0x1c: [io  0x0376]
[    4.356005] pci 0000:00:07.0: quirk: [io  0x4000-0x403f] claimed by PIIX4 ACPI
[    4.425738] pci 0000:00:07.0: quirk: [io  0x4100-0x410f] claimed by PIIX4 SMB
[    4.526571] ACPI: PCI Interrupt Link [LNKA] (IRQs 5 9 10 *11)
[    4.576101] ACPI: PCI Interrupt Link [LNKB] (IRQs 5 9 10 *11)
[    4.648619] ACPI: PCI Interrupt Link [LNKC] (IRQs 5 9 *10 11)
[    4.714355] ACPI: PCI Interrupt Link [LNKD] (IRQs 5 *9 10 11)
[    4.756466] ACPI: Enabled 2 GPEs in block 00 to 07
[    4.814542] vgaarb: setting as boot device: PCI:0000:00:02.0
[    4.864676] vgaarb: device added: PCI:0000:00:02.0,decodes=io+mem,owns=io+mem,locks=none
[    4.961560] vgaarb: loaded
[    4.994963] vgaarb: bridge control possible 0000:00:02.0
[    5.061729] SCSI subsystem initialized
[    5.112246] ACPI: bus type USB registered
[    5.146982] usbcore: registered new interface driver usbfs
[    5.209435] usbcore: registered new interface driver hub
[    5.282989] usbcore: registered new device driver usb
[    5.350112] PCI: Using ACPI for IRQ routing
[    5.382123] NetLabel: Initializing
[    5.429846] NetLabel:  domain hash size = 128
[    5.462487] NetLabel:  protocols = UNLABELED CIPSOv4
[    5.503502] NetLabel:  unlabeled traffic allowed by default
[    5.573177] amd_nb: Cannot enumerate AMD northbridges
[    5.638882] clocksource: Switched to clocksource kvm-clock
[    5.717202] AppArmor: AppArmor Filesystem Enabled
[    5.826446] pnp: PnP ACPI init
[    5.863955] pnp: PnP ACPI: found 3 devices
[    5.972528] clocksource: acpi_pm: mask: 0xffffff max_cycles: 0xffffff, max_idle_ns: 2085701024 ns
[    6.170118] NET: Registered protocol family 2
[    6.266471] TCP established hash table entries: 16384 (order: 5, 131072 bytes)
[    6.422622] TCP bind hash table entries: 16384 (order: 6, 262144 bytes)
[    6.554135] TCP: Hash tables configured (established 16384 bind 16384)
[    6.637761] UDP hash table entries: 1024 (order: 3, 32768 bytes)
[    6.738659] UDP-Lite hash table entries: 1024 (order: 3, 32768 bytes)
[    6.808153] NET: Registered protocol family 1
[    6.871643] pci 0000:00:00.0: Limiting direct PCI/PCI transfers
[    6.998815] pci 0000:00:01.0: Activating ISA DMA hang workarounds
[    7.134171] Trying to unpack rootfs image as initramfs...
[    7.461635] Freeing initrd memory: 19148K (ffff880035a8a000 - ffff880036d3d000)
[    7.519407] platform rtc_cmos: registered platform RTC device (no PNP device found)
[    7.584056] Scanning for low memory corruption every 60 seconds
[    7.694997] futex hash table entries: 512 (order: 3, 32768 bytes)
[    7.746360] audit: initializing netlink subsys (disabled)
[    7.770128] audit: type=2000 audit(1489210417.846:1): initialized
[    7.816905] Initialise system trusted keyring
[    7.834980] HugeTLB registered 2 MB page size, pre-allocated 0 pages
[    7.837611] zbud: loaded
[    7.855836] VFS: Disk quotas dquot_6.6.0
[    7.860315] VFS: Dquot-cache hash table entries: 512 (order 0, 4096 bytes)
[    7.866474] squashfs: version 4.0 (2009/01/31) Phillip Lougher
[    7.876941] fuse init (API version 7.23)
[    7.879667] Key type big_key registered
[    7.912689] Allocating IMA MOK and blacklist keyrings.
[    7.916935] Key type asymmetric registered
[    7.980575] Asymmetric key parser 'x509' registered
[    8.038533] Block layer SCSI generic (bsg) driver version 0.4 loaded (major 249)
[    8.123632] io scheduler noop registered
[    8.175381] io scheduler deadline registered (default)
[    8.228946] io scheduler cfq registered
[    8.279747] pci_hotplug: PCI Hot Plug PCI Core version: 0.5
[    8.367202] pciehp: PCI Express Hot Plug Controller Driver version: 0.4
[    8.499378] ACPI: AC Adapter [AC] (off-line)
[    8.617662] tsc: Refined TSC clocksource calibration: 1992.824 MHz
[    8.758852] clocksource: tsc: mask: 0xffffffffffffffff max_cycles: 0x397367627c2, max_idle_ns: 881590730730 ns
[    8.759446] input: Power Button as /devices/LNXSYSTM:00/LNXPWRBN:00/input/input0
[    8.759449] ACPI: Power Button [PWRF]
[    8.759572] input: Sleep Button as /devices/LNXSYSTM:00/LNXSLPBN:00/input/input1
[    8.759574] ACPI: Sleep Button [SLPF]
[    8.762545] ACPI: Battery Slot [BAT0] (battery present)
[    8.762579] GHES: HEST is not enabled!
[    8.762673] Serial: 8250/16550 driver, 32 ports, IRQ sharing enabled
[    8.847105] 00:02: ttyS0 at I/O 0x3f8 (irq = 4, base_baud = 115200) is a 16550A
[    8.864361] Linux agpgart interface v0.103
[    8.879151] brd: module loaded
[    8.880080] loop: module loaded
[    8.880579] scsi host0: ata_piix
[    8.880628] scsi host1: ata_piix
[    8.880659] ata1: PATA max UDMA/33 cmd 0x1f0 ctl 0x3f6 bmdma 0xd000 irq 14
[    8.880660] ata2: PATA max UDMA/33 cmd 0x170 ctl 0x376 bmdma 0xd008 irq 15
[    8.880729] libphy: Fixed MDIO Bus: probed
[    8.880732] tun: Universal TUN/TAP device driver, 1.6
[    8.880732] tun: (C) 1999-2004 Max Krasnyansky <maxk@qualcomm.com>
[    8.881064] PPP generic driver version 2.4.2
[    8.881165] ehci_hcd: USB 2.0 'Enhanced' Host Controller (EHCI) Driver
[    8.881170] ehci-pci: EHCI PCI platform driver
[    8.881267] ehci-platform: EHCI generic platform driver
[    8.881280] ohci_hcd: USB 1.1 'Open' Host Controller (OHCI) Driver
[    8.881286] ohci-pci: OHCI PCI platform driver
[    8.881386] ohci-platform: OHCI generic platform driver
[    8.881412] uhci_hcd: USB Universal Host Controller Interface driver
[    8.881504] i8042: PNP: PS/2 Controller [PNP0303:PS2K,PNP0f03:PS2M] at 0x60,0x64 irq 1,12
[    8.893040] serio: i8042 KBD port at 0x60,0x64 irq 1
[    8.893048] serio: i8042 AUX port at 0x60,0x64 irq 12
[    8.893227] mousedev: PS/2 mouse device common for all mice
[    8.893615] rtc_cmos rtc_cmos: rtc core: registered rtc_cmos as rtc0
[    8.893684] rtc_cmos rtc_cmos: alarms up to one day, 114 bytes nvram
[    8.893692] i2c /dev entries driver
[    8.893768] device-mapper: uevent: version 1.0.3
[    8.893837] device-mapper: ioctl: 4.34.0-ioctl (2015-10-28) initialised: dm-devel@redhat.com
[    8.893861] ledtrig-cpu: registered to indicate activity on CPUs
[    8.894498] NET: Registered protocol family 10
[    8.894668] NET: Registered protocol family 17
[    8.894676] Key type dns_resolver registered
[    8.901047] microcode: CPU0 sig=0x406e3, pf=0x2, revision=0x0
[    8.901101] microcode: CPU1 sig=0x406e3, pf=0x2, revision=0x0
[    8.901546] microcode: Microcode Update Driver: v2.01 <tigran@aivazian.fsnet.co.uk>, Peter Oruba
[    8.902368] registered taskstats version 1
[    8.902388] Loading compiled-in X.509 certificates
[    8.904332] Loaded X.509 cert 'Build time autogenerated kernel key: 11f495fa9f4186f263f5fd144a167c99990e2f12'
[    8.904384] zswap: loaded using pool lzo/zbud
[    8.909591] Key type trusted registered
[    8.923397] Key type encrypted registered
[    8.923405] AppArmor: AppArmor sha1 policy hashing enabled
[    8.923409] ima: No TPM chip found, activating TPM-bypass!
[    8.923433] evm: HMAC attrs: 0x1
[    8.923812]   Magic number: 9:364:567
[    8.923817] misc network_latency: hash matches
[    8.924712] rtc_cmos rtc_cmos: setting system clock to 2017-03-11 05:33:38 UTC (1489210418)
[    8.924914] BIOS EDD facility v0.16 2004-Jun-25, 0 devices found
[    8.924914] EDD information not available.
[    8.929406] input: AT Translated Set 2 keyboard as /devices/platform/i8042/serio0/input/input2
[    9.299195] Freeing unused kernel memory: 1488K (ffffffff81f45000 - ffffffff820b9000)
[    9.304114] Write protecting the kernel read-only data: 14336k
[    9.305875] Freeing unused kernel memory: 1776K (ffff880001844000 - ffff880001a00000)
[    9.309838] Freeing unused kernel memory: 116K (ffff880001de3000 - ffff880001e00000)
Loading, please wait...
starting version[    9.322940] random: systemd-udevd: uninitialized urandom read (16 bytes read, 3 bits of entropy available)
 229
[    9.323669] random: udevadm: uninitialized urandom read (16 bytes read, 3 bits of entropy available)
[    9.323714] random: udevadm: uninitialized urandom read (16 bytes read, 3 bits of entropy available)
[    9.323861] random: udevadm: uninitialized urandom read (16 bytes read, 3 bits of entropy available)
[    9.323914] random: udevadm: uninitialized urandom read (16 bytes read, 3 bits of entropy available)
[    9.323964] random: udevadm: uninitialized urandom read (16 bytes read, 3 bits of entropy available)
[    9.324016] random: udevadm: uninitialized urandom read (16 bytes read, 3 bits of entropy available)
[    9.324067] random: udevadm: uninitialized urandom read (16 bytes read, 3 bits of entropy available)
[    9.324115] random: udevadm: uninitialized urandom read (16 bytes read, 3 bits of entropy available)
[    9.324161] random: udevadm: uninitialized urandom read (16 bytes read, 3 bits of entropy available)
[    9.416993] Fusion MPT base driver 3.04.20
[    9.427427] Copyright (c) 1999-2008 LSI Corporation
[    9.443606] Fusion MPT SPI Host driver 3.04.20
[    9.457194] mptbase: ioc0: Initiating bringup
[    9.460467] e1000: Intel(R) PRO/1000 Network Driver - version 7.3.21-k8-NAPI
[    9.471258] e1000: Copyright (c) 1999-2006 Intel Corporation.
[    9.496943] AVX version of gcm_enc/dec engaged.
[    9.505186] AES CTR mode by8 optimization enabled
[    9.547248] ioc0: LSI53C1030 A0: Capabilities={Initiator}
[    9.699091] input: ImExPS/2 Generic Explorer Mouse as /devices/platform/i8042/serio1/input/input4
[    9.760351] scsi host2: ioc0: LSI53C1030 A0, FwRev=00000000h, Ports=1, MaxQ=256, IRQ=20
[    9.947107] scsi 2:0:0:0: Direct-Access     VBOX     HARDDISK         1.0  PQ: 0 ANSI: 5
[   10.071053] scsi target2:0:0: Beginning Domain Validation
[   10.073691] scsi target2:0:0: Domain Validation skipping write tests
[   10.077291] scsi target2:0:0: Ending Domain Validation
[   10.078509] scsi target2:0:0: asynchronous
[   10.080174] scsi 2:0:1:0: Direct-Access     VBOX     HARDDISK         1.0  PQ: 0 ANSI: 5
[   10.096017] scsi target2:0:1: Beginning Domain Validation
[   10.100024] scsi target2:0:1: Domain Validation skipping write tests
[   10.122023] scsi target2:0:1: Ending Domain Validation
[   10.123539] scsi target2:0:1: asynchronous
[   10.224585] sd 2:0:0:0: Attached scsi generic sg0 type 0
[   10.231211] sd 2:0:0:0: [sda] 20971520 512-byte logical blocks: (10.7 GB/10.0 GiB)
[   10.233303] sd 2:0:0:0: [sda] Write Protect is off
[   10.238813] sd 2:0:1:0: Attached scsi generic sg1 type 0
[   10.240928] sd 2:0:1:0: [sdb] 20480 512-byte logical blocks: (10.5 MB/10.0 MiB)
[   10.250224] sd 2:0:0:0: [sda] Incomplete mode parameter data
[   10.252590] sd 2:0:0:0: [sda] Assuming drive cache: write through
[   10.254445] sd 2:0:1:0: [sdb] Write Protect is off
[   10.257922] sd 2:0:1:0: [sdb] Incomplete mode parameter data
[   10.265544] sd 2:0:1:0: [sdb] Assuming drive cache: write through
[   10.269314]  sda: sda1
[   10.271937] sd 2:0:0:0: [sda] Attached SCSI disk
[   10.276907] sd 2:0:1:0: [sdb] Attached SCSI disk
[   10.419845] e1000 0000:00:03.0 eth0: (PCI:33MHz:32-bit) 02:9a:e7:4d:41:74
[   10.527365] e1000 0000:00:03.0 eth0: Intel(R) PRO/1000 Network Connection
[   10.632819] e1000 0000:00:03.0 enp0s3: renamed from eth0
[   12.439795] floppy0: no floppy controllers found
Begin: Loading e[   13.769645] md: linear personality registered for level -1
ssential drivers[   13.896099] md: multipath personality registered for level -4
 ... [   14.015863] md: raid0 personality registered for level 0
[   14.084759] md: raid1 personality registered for level 1
[   14.223034] raid6: sse2x1   gen()  7626 MB/s
[   14.330958] raid6: sse2x1   xor()  5035 MB/s
[   14.450973] raid6: sse2x2   gen()  7495 MB/s
[   14.599182] raid6: sse2x2   xor()  6410 MB/s
[   14.682925] raid6: sse2x4   gen() 10541 MB/s
[   14.802954] raid6: sse2x4   xor()  7830 MB/s
[   14.852974] raid6: using algorithm sse2x4 gen() 10541 MB/s
[   14.925198] raid6: .... xor() 7830 MB/s, rmw enabled
[   14.983822] raid6: using ssse3x2 recovery algorithm
[   15.054148] xor: automatically using best checksumming function:
[   15.174894]    avx       : 24095.000 MB/sec
[   15.243757] async_tx: api initialized (async)
[   15.260554] md: raid6 personality registered for level 6
[   15.268638] md: raid5 personality registered for level 5
[   15.283009] md: raid4 personality registered for level 4
[   15.289245] md: raid10 personality registered for level 10
done.
Begin: Running[   15.433796] Btrfs loaded
 /scripts/init-premount ... done.
Begin: Mounting root file system ... Begin: Running /scripts/local-top ... done.
Begin: Running /scripts/local-premount ... Scanning for Btrfs filesystems
done.
Warning: fsck not present, so sk[   15.479459] EXT4-fs (sda1): mounted filesystem with ordered data mode. Opts: (null)
ipping root file system
done.
Begin: Running /scripts/local-bottom ... done.
Begin: Running /scripts/init-bottom ... done.
[   15.694659] systemd[1]: systemd 229 running in system mode. (+PAM +AUDIT +SELINUX +IMA +APPARMOR +SMACK +SYSVINIT +UTMP +LIBCRYPTSETUP +GCRYPT +GNUTLS +ACL +XZ -LZ4 +SECCOMP +BLKID +ELFUTILS +KMOD -IDN)
[   15.996599] systemd[1]: Detected virtualization oracle.
[   16.113130] systemd[1]: Detected architecture x86-64.

Welcome to [1mUbuntu 16.04.2 LTS[0m!

[   16.168756] systemd[1]: Set hostname to <vagrant-spark-ubuntu-box>.
[   16.439218] systemd[1]: Created slice System Slice.
[[0;32m  OK  [0m] Created slice System Slice.
[   16.587348] systemd[1]: Reached target User and Group Name Lookups.
[[0;32m  OK  [0m] Reached target User and Group Name Lookups.
[   16.739544] systemd[1]: Listening on Journal Socket.
[[0;32m  OK  [0m] Listening on Journal Socket.
[   16.887975] systemd[1]: Starting Remount Root and Kernel File Systems...
         Starting Remount Root and Kernel[   16.954179] EXT4-fs (sda1): re-mounted. Opts: (null)
 File Systems...
[   17.047787] systemd[1]: Mounting POSIX Message Queue File System...
         Mounting POSIX Message Queue File System...
[   17.155698] systemd[1]: Reached target Swap.
[[0;32m  OK  [0m] Reached target Swap.
[   17.237043] systemd[1]: Listening on udev Control Socket.
[[0;32m  OK  [0m] Listening on udev Control Socket.
[   17.243880] systemd[1]: Listening on LVM2 metadata daemon socket.
[[0;32m  OK  [0m] Listening on LVM2 metadata daemon socket.
[   17.283645] systemd[1]: Starting Load Kernel Modules...
         Starting Load Ke[   17.366149] lp: driver loaded but no devices found
rnel Modules...[   17.379006] random: nonblocking pool is initialized

[   17.473928] ppdev: user-space parallel port driver
[   17.491380] systemd[1]: Starting Uncomplicated firewall...
         [   17.620132] Loading iSCSI transport class v2.0-870.
Starting Uncomplicated firewall.[   17.670719] iscsi: registered transport (tcp)
..
[   17.711192] systemd[1]: Reached target Encrypted Volumes.
[[0;32m  OK  [0m] Reached targe[   17.749798] iscsi: registered transport (iser)
t Encrypted Volumes.
[   17.895206] systemd[1]: Listening on Journal Socket (/dev/log).
[[0;32m  OK  [0m] Listening on Journal Socket (/dev/log).
[   17.919215] systemd[1]: Set up automount Arbitrary Executable File Formats File System Automount Point.
[[0;32m  OK  [0m] Set up automount Arbitrary Executab...ats File System Automount Point.
[   17.988491] systemd[1]: Listening on LVM2 poll daemon socket.
[[0;32m  OK  [0m] Listening on LVM2 poll daemon socket.
[   18.047173] systemd[1]: Starting Create list of required static device nodes for the current kernel...
         Starting Create list of required st... nodes for the current kernel...
[   18.131544] systemd[1]: Listening on Device-mapper event daemon FIFOs.
[[0;32m  OK  [0m] Listening on Device-mapper event daemon FIFOs.
[   18.243122] systemd[1]: Starting Monitoring of LVM2 mirrors, snapshots etc. using dmeventd or progress polling...
         Starting Monitoring of LVM2 mirrors... dmeventd or progress polling...
[   18.301058] systemd[1]: Listening on Syslog Socket.
[[0;32m  OK  [0m] Listening on Syslog Socket.
[   18.328557] systemd[1]: Listening on Journal Audit Socket.
[[0;32m  OK  [0m] Listening on Journal Audit Socket.
[   18.332630] systemd[1]: Started Forward Password Requests to Wall Directory Watch.
[[0;32m  OK  [0m] Started Forward Password Requests to Wall Directory Watch.
[   18.336753] systemd[1]: Listening on udev Kernel Socket.
[[0;32m  OK  [0m] Listening on udev Kernel Socket.
[   18.351334] systemd[1]: Starting Journal Service...
         Starting Journal Service...
[   18.399769] systemd[1]: Created slice system-serial\x2dgetty.slice.
[[0;32m  OK  [0m] Created slice system-serial\x2dgetty.slice.
[   18.479585] systemd[1]: Starting Set console keymap...
         Starting Set console keymap...
[   18.519910] systemd[1]: Mounting Huge Pages File System...
         Mounting Huge Pages File System...
[   18.551461] systemd[1]: Started Braille Device Support.
[[0;32m  OK  [0m] Started Braille Device Support.
[   18.567986] systemd[1]: Created slice User and Session Slice.
[[0;32m  OK  [0m] Created slice User and Session Slice.
[   18.581322] systemd[1]: Reached target Slices.
[[0;32m  OK  [0m] Reached target Slices.
[   18.615020] systemd[1]: Mounting Debug File System...
         Mounting Debug File System...
[   18.627619] systemd[1]: Listening on /dev/initctl Compatibility Named Pipe.
[[0;32m  OK  [0m] Listening on /dev/initctl Compatibility Named Pipe.
[   18.637826] systemd[1]: Mounted Huge Pages File System.
[[0;32m  OK  [0m] Mounted Huge Pages File System.
[   18.643944] systemd[1]: Mounted POSIX Message Queue File System.
[[0;32m  OK  [0m] Mounted POSIX Message Queue File System.
[   18.663671] systemd[1]: Mounted Debug File System.
[[0;32m  OK  [0m] Mounted Debug File System.
[   18.685245] systemd[1]: Started Journal Service.
[[0;32m  OK  [0m] Started Journal Service.
[[0;32m  OK  [0m] Started Remount Root and Kernel File Systems.
[[0;32m  OK  [0m] Started Load Kernel Modules.
[[0;32m  OK  [0m] Started Uncomplicated firewall.
[[0;32m  OK  [0m] Started Create list of required sta...ce nodes for the current kernel.
[[0;32m  OK  [0m] Started Set console keymap.
[[0;32m  OK  [0m] Started LVM2 metadata daemon.
         Starting Create Static Device Nodes in /dev...
         Starting Apply Kernel Variables...
         Mounting FUSE Control File System...
         Starting Load/Save Random Seed...
         Starting udev Coldplug all Devices...
         Starting Initial cloud-init job (pre-networking)...
         Starting Flush Journal to Persistent Storage...
[[0;32m  OK  [0m] Mounted FUSE Control File System.
[[0;32m  OK  [0m] Started Create Static Device Nodes in /dev.
[[0;32m  OK  [0m] Started Apply Kernel Variables.
[[0;32m  OK  [0m] Started Load/Save Random Seed.
[[0;32m  OK  [0m] Started Flush Journal to Persistent Storage.
[[0;32m  OK  [0m] Started udev Coldplug all Devices.
         Starting udev Kernel Device Manager...
[[0;32m  OK  [0m] Started udev Kernel Device Manager.
[[0;32m  OK  [0m] Started Dispatch Password Requests to Console Directory Watch.
[[0;32m  OK  [0m] Started Monitoring of LVM2 mirrors,...ng dmeventd or progress polling.
[[0;32m  OK  [0m] Reached target Local File Systems (Pre).
[[0;32m  OK  [0m] Reached target Local File Systems.
         Starting Clean up any mess left by 0dns-up...
         Starting Set console font and keymap...
         Starting LSB: AppArmor initialization...
         Starting Create Volatile Files and Directories...
         Starting Tell Plymouth To Write Out Runtime Data...
[[0;32m  OK  [0m] Started Create Volatile Files and Directories.
[[0;32m  OK  [0m] Started Tell Plymouth To Write Out Runtime Data.
[[0;32m  OK  [0m] Started Clean up any mess left by 0dns-up.
[[0;32m  OK  [0m] Found device /dev/ttyS0.
[[0;32m  OK  [0m] Listening on Load/Save RF Kill Switch Status /dev/rfkill Watch.
         Starting Nameserver information manager...
         Starting Update UTMP about System Boot/Shutdown...
[[0;32m  OK  [0m] Reached target System Time Synchronized.
[   15.305351] cloud-init[478]: Cloud-init v. 0.7.9 running 'init-local' at Sat, 11 Mar 2017 05:33:49 +0000. Up 14.84 seconds.
[[0;32m  OK  [0m] Started Set console font and keymap.
[[0;32m  OK  [0m] Started LSB: AppArmor initialization.
[[0;32m  OK  [0m] Started Initial cloud-init job (pre-networking).
[[0;32m  OK  [0m] Started Nameserver information manager.
[[0;32m  OK  [0m] Found device 82540EM Gigabit Ethern...r (PRO/1000 MT Desktop Adapter).
[[0;32m  OK  [0m] Started Update UTMP about System Boot/Shutdown.
[[0;32m  OK  [0m] Reached target Network (Pre).
[[0;32m  OK  [0m] Started ifup for enp0s3.
         Starting Raise network interfaces...
[[0;32m  OK  [0m] Created slice system-getty.slice.
[[0;32m  OK  [0m] Started Raise network interfaces.
         Starting Initial cloud-init job (metadata service crawler)...
[   18.107188] cloud-init[1194]: Cloud-init v. 0.7.9 running 'init' at Sat, 11 Mar 2017 05:33:52 +0000. Up 17.87 seconds.
[   18.220709] cloud-init[1194]: ci-info: +++++++++++++++++++++++++++++++++++++Net device info++++++++++++++++++++++++++++++++++++++
[   18.221011] cloud-init[1194]: ci-info: +--------+------+----------------------------+---------------+-------+-------------------+
[[0;32m  OK  [0m] Started Initial cloud-init job (metadata service crawler).
[   18.221155] cloud-init[1194]: ci-info: | Device |  Up  |          Address           |      Mask     | Scope |     Hw-Address    |
[   18.300387] cloud-init[1194]: ci-info: +--------+------+----------------------------+---------------+-------+-------------------+
[   18.300769] cloud-init[1194]: ci-info: | enp0s3 | True |         10.0.2.15          | 255.255.255.0 |   .   | 02:9a:e7:4d:41:74 |
[[0;32m  OK  [0m] Reached target System Initialization.
[[   18.300917] cloud-init[1194]: ci-info: | enp0s3 | True | fe80::9a:e7ff:fe4d:4174/64 |       .       |  link | 02:9a:e7:4d:41:74 |
[   18.481510] cloud-init[1194]: ci-info: |   lo   | True |         127.0.0.1          |   255.0.0.0   |   .   |         .         |
[0;32m  OK  [0m] Listening on ACPID Listen Socket.
[   18.481615] cloud-init[1194]: ci-info: |   lo   | True |          ::1/128           |       .       |  host |         .         |
[   18.532740] cloud-init[1194]: ci-info: +--------+------+----------------------------+---------------+-------+-------------------+
[   18.533018] cloud-init[1194]: ci-info: +++++++++++++++++++++++++++Route IPv4 info++++++++++++++++++++++++++++
[[0;32m  OK  [0m] Started Timer to automatically refresh installed snaps.
[   18.533201] cloud-init[1194]: ci-info: +-------+-------------+----------+---------------+-----------+-------+
[[0;32m  OK  [0m] Started Daily Cleanup of Temporary Directories.
[   18.548624] cloud-init[1194]: ci-info: | Route | Destination | Gateway  |    Genmask    | Interface | Flags |
[   18.555786] cloud-init[1194]: ci-info: +-------+-------------+----------+---------------+-----------+-------+
[[0;32m  OK  [0m] Listening on Avahi mDNS/DNS-SD Stack Activation Socket.
[[   18.555978] cloud-init[1194]: ci-info: |   0   |   0.0.0.0   | 10.0.2.2 |    0.0.0.0    |   enp0s3  |   UG  |
[   18.567612] cloud-init[1194]: ci-info: |   1   |   10.0.2.0  | 0.0.0.0  | 255.255.255.0 |   enp0s3  |   U   |
[0;32m  OK  [0m] Listening on D-Bus System Message Bus Socket.
[   18.567745] cloud-init[1194]: ci-info: |   2   | 169.254.0.0 | 0.0.0.0  |  255.255.0.0  |   enp0s3  |   U   |
[   18.616565] cloud-init[1194]: ci-info: +-------+-------------+----------+---------------+-----------+-------+
[[0;32m  OK  [0m] Listening on UUID daemon activation socket.
[[0;32m  OK  [0m] Started Daily apt activities.
[[0;32m  OK  [0m] Reached target Timers.
[[0;32m  OK  [0m] Started Trigger resolvconf update for networkd DNS.
         Starting LXD - unix socket.
         Starting Socket activation for snappy daemon.
[[0;32m  OK  [0m] Listening on CUPS Scheduler.
[[0;32m  OK  [0m] Started CUPS Scheduler.
[[0;32m  OK  [0m] Started ACPI Events Check.
[[0;32m  OK  [0m] Reached target Paths.
[[0;32m  OK  [0m] Reached target Cloud-config availability.
[[0;32m  OK  [0m] Listening on LXD - unix socket.
[[0;32m  OK  [0m] Listening on Socket activation for snappy daemon.
[[0;32m  OK  [0m] Reached target Sockets.
[[0;32m  OK  [0m] Reached target Basic System.
[[0;32m  OK  [0m] Started Regular background program processing daemon.
[[0;32m  OK  [0m] Started crash report submission daemon.
         Starting Detect the available GPUs and deal with any system changes...
[[0;32m  OK  [0m] Started D-Bus System Message Bus.
         Starting Network Manager...
         Starting LSB: Record successful boot for GRUB...
         Starting Avahi mDNS/DNS-SD Stack...
[[0;32m  OK  [0m] Started FUSE filesystem for LXC.
[[0;32m  OK  [0m] Started ACPI event daemon.
[[0;32m  OK  [0m] Started CUPS Scheduler.
         Starting Accounts Service...
         Starting Modem Manager...
[[0;32m  OK  [0m] Started Deferred execution scheduler.
         Starting Restore /etc/resolv.conf i...re the ppp link was shut down...
         Starting System Logging Service...
[[0;32m  OK  [0m] Started Runit service supervision.
         Starting Login Service...
         Starting LSB: MD monitoring daemon...
[[0;32m  OK  [0m] Started Snappy daemon.
         Starting Auto import assertions from block devices...
         Starting LXD - container startup/shutdown...
[[0;32m  OK  [0m] Started System Logging Service.
[[0;32m  OK  [0m] Started Detect the available GPUs and deal with any system changes.
[[0;32m  OK  [0m] Started Restore /etc/resolv.conf if...fore the ppp link was shut down.
[[0;32m  OK  [0m] Started Auto import assertions from block devices.
[[0;32m  OK  [0m] Started LXD - container startup/shutdown.
[[0;32m  OK  [0m] Started LSB: Record successful boot for GRUB.
[[0;32m  OK  [0m] Started Network Manager.
[[0;32m  OK  [0m] Started LSB: MD monitoring daemon.
[[0;32m  OK  [0m] Started Avahi mDNS/DNS-SD Stack.
         Starting Authenticate and Authorize Users to Run Privileged Tasks...
[[0;32m  OK  [0m] Started Make remote CUPS printers available locally.
         Starting Network Manager Script Dispatcher Service...
[[0;32m  OK  [0m] Reached target Network.
         Starting Network Manager Wait Online...
[[0;32m  OK  [0m] Started Login Service.
[[0;32m  OK  [0m] Started Authenticate and Authorize Users to Run Privileged Tasks.
[[0;32m  OK  [0m] Started Accounts Service.
[[0;32m  OK  [0m] Started Modem Manager.
[[0;32m  OK  [0m] Started Network Manager Script Dispatcher Service.
         Starting Hostname Service...
[[0;32m  OK  [0m] Started Hostname Service.
[[0;32m  OK  [0m] Started Network Manager Wait Online.
[[0;32m  OK  [0m] Reached target Network is Online.
         Starting OpenBSD Secure Shell server...
         Starting Apply the settings specified in cloud-config...
         Starting iSCSI initiator daemon (iscsid)...
         Starting /etc/rc.local Compatibility...
[[0;32m  OK  [0m] Started OpenBSD Secure Shell server.
[[0;32m  OK  [0m] Started /etc/rc.local Compatibility.
[[0;32m  OK  [0m] Started iSCSI initiator daemon (iscsid).
         Starting Login to default iSCSI targets...
[[0;32m  OK  [0m] Started Login to default iSCSI targets.
[[0;32m  OK  [0m] Reached target Remote File Systems (Pre).
[[0;32m  OK  [0m] Reached target Remote File Systems.
         Starting LSB: Speech Dispatcher...
         Starting LSB: VirtualBox Linux Additions...
         Starting LSB: Apache2 web server...
         Starting LSB: Set the CPU Frequency Scaling governor to "ondemand"...
         Starting LSB: automatic crash report generation...
         Starting LSB: daemon to balance interrupts for SMP systems...
         Starting Permit User Sessions...
[[0;32m  OK  [0m[   20.993233] cloud-init[1384]: Cloud-init v. 0.7.9 running 'modules:config' at Sat, 11 Mar 2017 05:33:55 +0000. Up 20.89 seconds.
] Started Permit User Sessions.
[[0;32m  OK  [0m] Started Apply the settings specified in cloud-config.
[[0;32m  OK  [0m] Started LSB: Speech Dispatcher.
[[0;32m  OK  [0m] Started LSB: Set the CPU Frequency Scaling governor to "ondemand".
         Starting Hold until boot process finishes up...
         Starting Light Display Manager...
[[0;32m  OK  [0m] Started LSB: automatic crash report generation.
[[0;32m  OK  [0m] Started LSB: daemon to balance interrupts for SMP systems.
[[0;32m  OK  [0m] Started Hold until boot process finishes up.
[[0;32m  OK  [0m] Started LSB: VirtualBox Linux Additions.
         Starting Set console scheme...
[[0;32m  OK  [0m] Started Getty on tty1.
[[0;32m  OK  [0m] Started Serial Getty on ttyS0.
[[0;32m  OK  [0m] Reached target Login Prompts.
[[0;32m  OK  [0m] Started Set console scheme.
[[0;32m  OK  [0m] Started Light Display Manager.
[[0;32m  OK  [0m] Started LSB: Apache2 web server.
[[0;32m  OK  [0m] Reached target Multi-User System.
         Starting Execute cloud user/final scripts...
[[0;32m  OK  [0m] Reached target Graphical Interface.
         Starting Update UTMP about System Runlevel Changes...
[[0;32m  OK  [0m] Started Update UTMP about System Runlevel Changes.
[   22.017700] cloud-init[1609]: Cloud-init v. 0.7.9 running 'modules:final' at Sat, 11 Mar 2017 05:33:56 +0000. Up 21.76 seconds.
[   22.029391] cloud-init[1609]: Cloud-init v. 0.7.9 finished at Sat, 11 Mar 2017 05:33:56 +0000. Datasource DataSourceNoCloud [seed=/dev/sdb][dsmode=net].  Up 22.00 seconds
[[0;32m  OK  [0m] Started Execute cloud user/final scripts.
[[0;32m  OK  [0m] Reached target Cloud-init target.

Ubuntu 16.04.2 LTS vagrant-spark-ubuntu-box ttyS0

vagrant-spark-ubuntu-box login: 